CRITICAL - 2022-09-06 11:01:35 --> A ação que você requisitou não é permitida.
in SYSTEMPATH\Security\Security.php on line 286.
 1 SYSTEMPATH\Security\Security.php(286): CodeIgniter\Security\Exceptions\SecurityException::forDisallowedAction()
 2 SYSTEMPATH\Filters\CSRF.php(54): CodeIgniter\Security\Security->verify(Object(CodeIgniter\HTTP\IncomingRequest))
 3 SYSTEMPATH\Filters\Filters.php(173): CodeIgniter\Filters\CSRF->before(Object(CodeIgniter\HTTP\IncomingRequest), null)
 4 SYSTEMPATH\CodeIgniter.php(440): CodeIgniter\Filters\Filters->run('pt-BR/manager/adverts/archive', 'before')
 5 SYSTEMPATH\CodeIgniter.php(349): CodeIgniter\CodeIgniter->handleRequest(null, Object(Config\Cache), false)
 6 FCPATH\index.php(55): CodeIgniter\CodeIgniter->run()
CRITICAL - 2022-09-06 20:49:43 --> Undefined variable $hiddensDelete
in APPPATH\Views\Manager\Adverts\edit_images.php on line 34.
 1 APPPATH\Views\Manager\Adverts\edit_images.php(34): CodeIgniter\Debug\Exceptions->errorHandler(2, 'Undefined variable $hiddensDelete', 'APPPATH\\Views\\Manager\\Adverts\\edit_images.php', 34)
 2 SYSTEMPATH\View\View.php(213): include('APPPATH\\Views\\Manager\\Adverts\\edit_images.php')
 3 SYSTEMPATH\View\View.php(216): CodeIgniter\View\View->CodeIgniter\View\{closure}()
 4 SYSTEMPATH\Common.php(1136): CodeIgniter\View\View->render('Manager/Adverts/edit_images', [], true)
 5 APPPATH\Controllers\Manager\AdvertsManagerController.php(139): view('Manager/Adverts/edit_images', [...])
 6 SYSTEMPATH\CodeIgniter.php(894): App\Controllers\Manager\AdvertsManagerController->editManagerAdvertImages(290)
 7 SYSTEMPATH\CodeIgniter.php(466): CodeIgniter\CodeIgniter->runController(Object(App\Controllers\Manager\AdvertsManagerController))
 8 SYSTEMPATH\CodeIgniter.php(349): CodeIgniter\CodeIgniter->handleRequest(null, Object(Config\Cache), false)
 9 FCPATH\index.php(55): CodeIgniter\CodeIgniter->run()
CRITICAL - 2022-09-06 21:11:27 --> syntax error, unexpected identifier "Adverts", expecting ")"
in APPPATH\Views\Manager\Adverts\edit_images.php on line 28.
 1 SYSTEMPATH\View\View.php(216): CodeIgniter\View\View->CodeIgniter\View\{closure}()
 2 SYSTEMPATH\Common.php(1136): CodeIgniter\View\View->render('Manager/Adverts/edit_images', [], true)
 3 APPPATH\Controllers\Manager\AdvertsManagerController.php(139): view('Manager/Adverts/edit_images', [...])
 4 SYSTEMPATH\CodeIgniter.php(894): App\Controllers\Manager\AdvertsManagerController->editManagerAdvertImages(359)
 5 SYSTEMPATH\CodeIgniter.php(466): CodeIgniter\CodeIgniter->runController(Object(App\Controllers\Manager\AdvertsManagerController))
 6 SYSTEMPATH\CodeIgniter.php(349): CodeIgniter\CodeIgniter->handleRequest(null, Object(Config\Cache), false)
 7 FCPATH\index.php(55): CodeIgniter\CodeIgniter->run()
CRITICAL - 2022-09-06 21:19:36 --> Arquivo inválido: Manager/Adverts/edit_images.php
in SYSTEMPATH\Exceptions\FrameworkException.php on line 33.
 1 SYSTEMPATH\View\View.php(201): CodeIgniter\Exceptions\FrameworkException::forInvalidFile('Manager/Adverts/edit_images.php')
 2 SYSTEMPATH\Common.php(1136): CodeIgniter\View\View->render('Manager/Adverts/edit_images', [], true)
 3 APPPATH\Controllers\Manager\AdvertsManagerController.php(139): view('Manager/Adverts/edit_images', [...])
 4 SYSTEMPATH\CodeIgniter.php(894): App\Controllers\Manager\AdvertsManagerController->showManagerAdvertImages(375)
 5 SYSTEMPATH\CodeIgniter.php(466): CodeIgniter\CodeIgniter->runController(Object(App\Controllers\Manager\AdvertsManagerController))
 6 SYSTEMPATH\CodeIgniter.php(349): CodeIgniter\CodeIgniter->handleRequest(null, Object(Config\Cache), false)
 7 FCPATH\index.php(55): CodeIgniter\CodeIgniter->run()
