CRITICAL - 2022-07-02 22:08:34 --> The framework needs the following extension(s) installed and loaded: intl.
in SYSTEMPATH\CodeIgniter.php on line 231.
 1 SYSTEMPATH\CodeIgniter.php(231): CodeIgniter\Exceptions\FrameworkException::forMissingExtension('intl')
 2 SYSTEMPATH\CodeIgniter.php(189): CodeIgniter\CodeIgniter->resolvePlatformExtensions()
 3 FCPATH\index.php(43): CodeIgniter\CodeIgniter->initialize()
CRITICAL - 2022-07-02 22:36:33 --> The framework needs the following extension(s) installed and loaded: intl.
in SYSTEMPATH\CodeIgniter.php on line 231.
 1 SYSTEMPATH\CodeIgniter.php(231): CodeIgniter\Exceptions\FrameworkException::forMissingExtension('intl')
 2 SYSTEMPATH\CodeIgniter.php(189): CodeIgniter\CodeIgniter->resolvePlatformExtensions()
 3 FCPATH\index.php(43): CodeIgniter\CodeIgniter->initialize()
ERROR - 2022-07-02 17:02:11 --> mysqli_sql_exception: Table 'categories' already exists in C:\xampp\htdocs\NovaClassificados\system\Database\MySQLi\Connection.php:292
Stack trace:
#0 C:\xampp\htdocs\NovaClassificados\system\Database\MySQLi\Connection.php(292): mysqli->query('CREATE TABLE `c...', 0)
#1 C:\xampp\htdocs\NovaClassificados\system\Database\BaseConnection.php(693): CodeIgniter\Database\MySQLi\Connection->execute('CREATE TABLE `c...')
#2 C:\xampp\htdocs\NovaClassificados\system\Database\BaseConnection.php(620): CodeIgniter\Database\BaseConnection->simpleQuery('CREATE TABLE `c...')
#3 C:\xampp\htdocs\NovaClassificados\system\Database\Forge.php(513): CodeIgniter\Database\BaseConnection->query('CREATE TABLE `c...')
#4 C:\xampp\htdocs\NovaClassificados\app\Database\Migrations\2022-07-02-220016_CreateTableCategories.php(55): CodeIgniter\Database\Forge->createTable('categories')
#5 C:\xampp\htdocs\NovaClassificados\system\Database\MigrationRunner.php(868): App\Database\Migrations\CreateTableCategories->up()
#6 C:\xampp\htdocs\NovaClassificados\system\Database\MigrationRunner.php(187): CodeIgniter\Database\MigrationRunner->migrate('up', Object(stdClass))
#7 C:\xampp\htdocs\NovaClassificados\system\Commands\Database\Migrate.php(84): CodeIgniter\Database\MigrationRunner->latest(NULL)
#8 C:\xampp\htdocs\NovaClassificados\system\CLI\Commands.php(63): CodeIgniter\Commands\Database\Migrate->run(Array)
#9 C:\xampp\htdocs\NovaClassificados\system\CLI\CommandRunner.php(65): CodeIgniter\CLI\Commands->run('migrate', Array)
#10 C:\xampp\htdocs\NovaClassificados\system\CLI\CommandRunner.php(51): CodeIgniter\CLI\CommandRunner->index(Array)
#11 C:\xampp\htdocs\NovaClassificados\system\CodeIgniter.php(887): CodeIgniter\CLI\CommandRunner->_remap('index', Array)
#12 C:\xampp\htdocs\NovaClassificados\system\CodeIgniter.php(466): CodeIgniter\CodeIgniter->runController(Object(CodeIgniter\CLI\CommandRunner))
#13 C:\xampp\htdocs\NovaClassificados\system\CodeIgniter.php(345): CodeIgniter\CodeIgniter->handleRequest(NULL, Object(Config\Cache), false)
#14 C:\xampp\htdocs\NovaClassificados\system\CLI\Console.php(48): CodeIgniter\CodeIgniter->run()
#15 C:\xampp\htdocs\NovaClassificados\spark(86): CodeIgniter\CLI\Console->run()
#16 {main}
CRITICAL - 2022-07-02 18:15:05 --> Call to a member function orderBy() on null
in APPPATH\Controllers\Manager\CategoriesController.php on line 32.
 1 SYSTEMPATH\CodeIgniter.php(894): App\Controllers\Manager\CategoriesController->getAllCategories()
 2 SYSTEMPATH\CodeIgniter.php(466): CodeIgniter\CodeIgniter->runController(Object(App\Controllers\Manager\CategoriesController))
 3 SYSTEMPATH\CodeIgniter.php(349): CodeIgniter\CodeIgniter->handleRequest(null, Object(Config\Cache), false)
 4 FCPATH\index.php(55): CodeIgniter\CodeIgniter->run()
