CRITICAL - 2022-09-05 14:30:31 --> Call to undefined method App\Entities\Advert::weMustNotifyPublished()
in APPPATH\Services\AdvertService.php on line 853.
 1 APPPATH\Services\AdvertService.php(822): App\Services\AdvertService->fireAdvertPublished(Object(App\Entities\Advert))
 2 APPPATH\Services\AdvertService.php(622): App\Services\AdvertService->fireAdvertEvents(Object(App\Entities\Advert), true)
 3 APPPATH\Controllers\Manager\AdvertsManagerController.php(84): App\Services\AdvertService->trySaveAdvert(Object(App\Entities\Advert), false, true)
 4 SYSTEMPATH\CodeIgniter.php(894): App\Controllers\Manager\AdvertsManagerController->updateManagerAdvert()
 5 SYSTEMPATH\CodeIgniter.php(466): CodeIgniter\CodeIgniter->runController(Object(App\Controllers\Manager\AdvertsManagerController))
 6 SYSTEMPATH\CodeIgniter.php(349): CodeIgniter\CodeIgniter->handleRequest(null, Object(Config\Cache), false)
 7 FCPATH\index.php(55): CodeIgniter\CodeIgniter->run()
CRITICAL - 2022-09-05 14:30:39 --> A ação que você requisitou não é permitida.
in SYSTEMPATH\Security\Security.php on line 286.
 1 SYSTEMPATH\Security\Security.php(286): CodeIgniter\Security\Exceptions\SecurityException::forDisallowedAction()
 2 SYSTEMPATH\Filters\CSRF.php(54): CodeIgniter\Security\Security->verify(Object(CodeIgniter\HTTP\IncomingRequest))
 3 SYSTEMPATH\Filters\Filters.php(173): CodeIgniter\Filters\CSRF->before(Object(CodeIgniter\HTTP\IncomingRequest), null)
 4 SYSTEMPATH\CodeIgniter.php(440): CodeIgniter\Filters\Filters->run('pt-BR/manager/adverts/update-manager-advert', 'before')
 5 SYSTEMPATH\CodeIgniter.php(349): CodeIgniter\CodeIgniter->handleRequest(null, Object(Config\Cache), false)
 6 FCPATH\index.php(55): CodeIgniter\CodeIgniter->run()
CRITICAL - 2022-09-05 14:30:56 --> Call to undefined method App\Entities\Advert::weMustNotifyPublished()
in APPPATH\Services\AdvertService.php on line 853.
 1 APPPATH\Services\AdvertService.php(822): App\Services\AdvertService->fireAdvertPublished(Object(App\Entities\Advert))
 2 APPPATH\Services\AdvertService.php(622): App\Services\AdvertService->fireAdvertEvents(Object(App\Entities\Advert), true)
 3 APPPATH\Controllers\Manager\AdvertsManagerController.php(84): App\Services\AdvertService->trySaveAdvert(Object(App\Entities\Advert), false, true)
 4 SYSTEMPATH\CodeIgniter.php(894): App\Controllers\Manager\AdvertsManagerController->updateManagerAdvert()
 5 SYSTEMPATH\CodeIgniter.php(466): CodeIgniter\CodeIgniter->runController(Object(App\Controllers\Manager\AdvertsManagerController))
 6 SYSTEMPATH\CodeIgniter.php(349): CodeIgniter\CodeIgniter->handleRequest(null, Object(Config\Cache), false)
 7 FCPATH\index.php(55): CodeIgniter\CodeIgniter->run()
CRITICAL - 2022-09-05 14:33:04 --> Call to undefined method App\Entities\Advert::original()
in APPPATH\Entities\Advert.php on line 105.
 1 APPPATH\Services\AdvertService.php(853): App\Entities\Advert->weMustNotifyThePublication()
 2 APPPATH\Services\AdvertService.php(822): App\Services\AdvertService->fireAdvertPublished(Object(App\Entities\Advert))
 3 APPPATH\Services\AdvertService.php(622): App\Services\AdvertService->fireAdvertEvents(Object(App\Entities\Advert), true)
 4 APPPATH\Controllers\Manager\AdvertsManagerController.php(84): App\Services\AdvertService->trySaveAdvert(Object(App\Entities\Advert), false, true)
 5 SYSTEMPATH\CodeIgniter.php(894): App\Controllers\Manager\AdvertsManagerController->updateManagerAdvert()
 6 SYSTEMPATH\CodeIgniter.php(466): CodeIgniter\CodeIgniter->runController(Object(App\Controllers\Manager\AdvertsManagerController))
 7 SYSTEMPATH\CodeIgniter.php(349): CodeIgniter\CodeIgniter->handleRequest(null, Object(Config\Cache), false)
 8 FCPATH\index.php(55): CodeIgniter\CodeIgniter->run()
